<?xml version="1.0" encoding="UTF-8"?>
<!-- Generated by org.testng.reporters.JUnitXMLReporter -->
<testsuite hostname="SebahattinsAir2.home" ignored="1" name="Command line test" tests="10" failures="0" timestamp="2020-07-21T13:42:55 CDT" time="3.639" errors="0">
  <testcase name="@BeforeTest setUp" time="1.461" classname="com.qa.hubspot.tests.HomePageTest">
    <failure type="java.lang.NullPointerException">
      <![CDATA[java.lang.NullPointerException
at com.qa.hubspot.base.OptionsManager.getChromeOptions(OptionsManager.java:20)
at com.qa.hubspot.base.BasePage.init_driver(BasePage.java:33)
at com.qa.hubspot.tests.HomePageTest.setUp(HomePageTest.java:31)
... Removed 34 stack frames]]>
    </failure>
  </testcase> <!-- @BeforeTest setUp -->
  <testcase name="@BeforeTest setUp" time="-1.595356973408E9" classname="com.qa.hubspot.tests.LoginPageTest">
    <skipped/>
  </testcase> <!-- @BeforeTest setUp -->
  <testcase name="@BeforeMethod setUp" time="-1.595356973458E9" classname="com.qa.hubspot.tests.ContactsPageTest">
    <skipped/>
  </testcase> <!-- @BeforeMethod setUp -->
  <testcase name="@AfterMethod tearDown" time="-1.595356973462E9" classname="com.qa.hubspot.tests.ContactsPageTest">
    <skipped/>
  </testcase> <!-- @AfterMethod tearDown -->
  <testcase name="@BeforeMethod setUp" time="-1.595356975557E9" classname="com.qa.hubspot.tests.ContactsPageTest">
    <skipped/>
  </testcase> <!-- @BeforeMethod setUp -->
  <testcase name="@AfterMethod tearDown" time="-1.595356975559E9" classname="com.qa.hubspot.tests.ContactsPageTest">
    <skipped/>
  </testcase> <!-- @AfterMethod tearDown -->
  <testcase name="@BeforeMethod setUp" time="-1.595356975561E9" classname="com.qa.hubspot.tests.ContactsPageTest">
    <skipped/>
  </testcase> <!-- @BeforeMethod setUp -->
  <testcase name="@AfterMethod tearDown" time="-1.595356975562E9" classname="com.qa.hubspot.tests.ContactsPageTest">
    <skipped/>
  </testcase> <!-- @AfterMethod tearDown -->
  <testcase name="@BeforeMethod setUp" time="-1.595356975562E9" classname="com.qa.hubspot.tests.ContactsPageTest">
    <skipped/>
  </testcase> <!-- @BeforeMethod setUp -->
  <testcase name="@AfterMethod tearDown" time="-1.595356975563E9" classname="com.qa.hubspot.tests.ContactsPageTest">
    <skipped/>
  </testcase> <!-- @AfterMethod tearDown -->
  <testcase name="@AfterTest tearDown" time="-1.595356975569E9" classname="com.qa.hubspot.tests.HomePageTest">
    <skipped/>
  </testcase> <!-- @AfterTest tearDown -->
  <testcase name="@AfterTest tearDown" time="-1.59535697557E9" classname="com.qa.hubspot.tests.LoginPageTest">
    <skipped/>
  </testcase> <!-- @AfterTest tearDown -->
  <testcase name="verifyContactsPageTitle" time="0.0" classname="com.qa.hubspot.tests.ContactsPageTest">
    <skipped/>
  </testcase> <!-- verifyContactsPageTitle -->
  <testcase name="createContactsTest" time="0.0" classname="com.qa.hubspot.tests.ContactsPageTest">
    <skipped/>
  </testcase> <!-- createContactsTest -->
  <testcase name="createContactsTest" time="0.0" classname="com.qa.hubspot.tests.ContactsPageTest">
    <skipped/>
  </testcase> <!-- createContactsTest -->
  <testcase name="createContactsTest" time="0.0" classname="com.qa.hubspot.tests.ContactsPageTest">
    <skipped/>
  </testcase> <!-- createContactsTest -->
  <testcase name="verifyHomePageTitle" time="0.0" classname="com.qa.hubspot.tests.HomePageTest">
    <skipped/>
  </testcase> <!-- verifyHomePageTitle -->
  <testcase name="verifyHomePageHeaderTest" time="0.0" classname="com.qa.hubspot.tests.HomePageTest">
    <skipped/>
  </testcase> <!-- verifyHomePageHeaderTest -->
  <testcase name="verifyLoggedInUserTest" time="0.0" classname="com.qa.hubspot.tests.HomePageTest">
    <skipped/>
  </testcase> <!-- verifyLoggedInUserTest -->
  <testcase name="verifyPageTitleTest" time="0.0" classname="com.qa.hubspot.tests.LoginPageTest">
    <skipped/>
  </testcase> <!-- verifyPageTitleTest -->
  <testcase name="verifySignUpLink" time="0.0" classname="com.qa.hubspot.tests.LoginPageTest">
    <skipped/>
  </testcase> <!-- verifySignUpLink -->
  <testcase name="loginTest" time="0.0" classname="com.qa.hubspot.tests.LoginPageTest">
    <skipped/>
  </testcase> <!-- loginTest -->
  <testcase name="login_invalidTestCase" time="0.0" classname="com.qa.hubspot.tests.LoginPageTest">
    <ignored/>
  </testcase> <!-- login_invalidTestCase -->
</testsuite> <!-- Command line test -->
