<?xml version="1.0" encoding="UTF-8" ?>
<testsuite tests="22" failures="1" name="TestSuite" time="9.554" errors="0" skipped="21">
  <properties>
[...]
</properties>
  <testcase classname="com.qa.hubspot.tests.HomePageTest" name="setUp" time="2.464">
    <failure type="java.lang.NullPointerException">java.lang.NullPointerException
	at com.qa.hubspot.base.OptionsManager.getChromeOptions(OptionsManager.java:20)
	at com.qa.hubspot.base.BasePage.init_driver(BasePage.java:33)
	at com.qa.hubspot.tests.HomePageTest.setUp(HomePageTest.java:31)
</failure>
    <system-out>Configuring TestNG with: org.apache.maven.surefire.testng.conf.TestNG652Configurator@31b7dea0
Browser name is: chrome
</system-out>
    <system-err>SLF4J: Failed to load class &quot;org.slf4j.impl.StaticLoggerBinder&quot;.
SLF4J: Defaulting to no-operation (NOP) logger implementation
SLF4J: See http://www.slf4j.org/codes.html#StaticLoggerBinder for further details.
</system-err>
  </testcase>
  <testcase classname="com.qa.hubspot.tests.LoginPageTest" name="setUp" time="2.465">
    <skipped/>
  </testcase>
  <testcase classname="com.qa.hubspot.tests.ContactsPageTest" name="setUp" time="2.514">
    <skipped/>
  </testcase>
  <testcase classname="com.qa.hubspot.tests.ContactsPageTest" name="verifyContactsPageTitle" time="0.001">
    <skipped/>
  </testcase>
  <testcase classname="com.qa.hubspot.tests.ContactsPageTest" name="tearDown" time="0.002">
    <skipped/>
  </testcase>
  <testcase classname="com.qa.hubspot.tests.ContactsPageTest" name="setUp" time="2.097">
    <skipped/>
  </testcase>
  <testcase classname="com.qa.hubspot.tests.ContactsPageTest" name="createContactsTest" time="0.001">
    <skipped/>
  </testcase>
  <testcase classname="com.qa.hubspot.tests.ContactsPageTest" name="tearDown" time="0.003">
    <skipped/>
  </testcase>
  <testcase classname="com.qa.hubspot.tests.ContactsPageTest" name="setUp" time="0.003">
    <skipped/>
  </testcase>
  <testcase classname="com.qa.hubspot.tests.ContactsPageTest" name="createContactsTest" time="0">
    <skipped/>
  </testcase>
  <testcase classname="com.qa.hubspot.tests.ContactsPageTest" name="tearDown" time="0">
    <skipped/>
  </testcase>
  <testcase classname="com.qa.hubspot.tests.ContactsPageTest" name="setUp" time="0.001">
    <skipped/>
  </testcase>
  <testcase classname="com.qa.hubspot.tests.ContactsPageTest" name="createContactsTest" time="0">
    <skipped/>
  </testcase>
  <testcase classname="com.qa.hubspot.tests.ContactsPageTest" name="tearDown" time="0">
    <skipped/>
  </testcase>
  <testcase classname="com.qa.hubspot.tests.HomePageTest" name="verifyHomePageTitle" time="0">
    <skipped/>
  </testcase>
  <testcase classname="com.qa.hubspot.tests.HomePageTest" name="verifyHomePageHeaderTest" time="0">
    <skipped/>
  </testcase>
  <testcase classname="com.qa.hubspot.tests.HomePageTest" name="verifyLoggedInUserTest" time="0">
    <skipped/>
  </testcase>
  <testcase classname="com.qa.hubspot.tests.LoginPageTest" name="verifyPageTitleTest" time="0">
    <skipped/>
  </testcase>
  <testcase classname="com.qa.hubspot.tests.LoginPageTest" name="verifySignUpLink" time="0">
    <skipped/>
  </testcase>
  <testcase classname="com.qa.hubspot.tests.LoginPageTest" name="loginTest" time="0">
    <skipped/>
  </testcase>
  <testcase classname="com.qa.hubspot.tests.HomePageTest" name="tearDown" time="0.001">
    <skipped/>
  </testcase>
  <testcase classname="com.qa.hubspot.tests.LoginPageTest" name="tearDown" time="0.002">
    <skipped/>
  </testcase>
</testsuite>